Start Debug!
-->> "main" |
	OrangeBot Projects
	-->> "test_bench" |
		-->> "Ctrl_pwm" |
			-->> "init_vars" |
			<<-- "init_vars" |
		<<-- "Ctrl_pwm" |
		t:   0 | ti:   0
		 PWM0:     0 | PWM1:     0 | PWM2:     0 | PWM3:     0 |
		 PWM0:     0 | PWM1:     0 | PWM2:     0 | PWM3:     0 |
		-->> "update" |
		<<-- "update" |
		t:   0 | ti:   1
		 PWM0:     0 | PWM1:     0 | PWM2:     0 | PWM3:     0 |
		 PWM0:     0 | PWM1:     0 | PWM2:     0 | PWM3:     0 |
		-->> "update" |
		<<-- "update" |
		t:   0 | ti:   2
		 PWM0:     0 | PWM1:     0 | PWM2:     0 | PWM3:     0 |
		 PWM0:     0 | PWM1:     0 | PWM2:     0 | PWM3:     0 |
		-->> "update" |
		<<-- "update" |
		t:   0 | ti:   3
		 PWM0:     0 | PWM1:     0 | PWM2:     0 | PWM3:     0 |
		 PWM0:     0 | PWM1:     0 | PWM2:     0 | PWM3:     0 |
		-->> "update" |
		<<-- "update" |
		t:   0 | ti:   4
		 PWM0:     0 | PWM1:     0 | PWM2:     0 | PWM3:     0 |
		 PWM0:     0 | PWM1:     0 | PWM2:     0 | PWM3:     0 |
		-->> "update" |
		<<-- "update" |
		t:   0 | ti:   5
		 PWM0:     0 | PWM1:     0 | PWM2:     0 | PWM3:     0 |
		 PWM0:     0 | PWM1:     0 | PWM2:     0 | PWM3:     0 |
		-->> "update" |
		<<-- "update" |
		t:   0 | ti:   6
		 PWM0:     0 | PWM1:     0 | PWM2:     0 | PWM3:     0 |
		 PWM0:     0 | PWM1:     0 | PWM2:     0 | PWM3:     0 |
		-->> "update" |
		<<-- "update" |
		t:   0 | ti:   7
		 PWM0:     0 | PWM1:     0 | PWM2:     0 | PWM3:     0 |
		 PWM0:     0 | PWM1:     0 | PWM2:     0 | PWM3:     0 |
		-->> "update" |
		<<-- "update" |
		t:   0 | ti:   8
		 PWM0:     0 | PWM1:     0 | PWM2:     0 | PWM3:     0 |
		 PWM0:     0 | PWM1:     0 | PWM2:     0 | PWM3:     0 |
		-->> "update" |
		<<-- "update" |
		t:   0 | ti:   9
		 PWM0:     0 | PWM1:     0 | PWM2:     0 | PWM3:     0 |
		 PWM0:     0 | PWM1:     0 | PWM2:     0 | PWM3:     0 |
		-->> "update" |
		<<-- "update" |
		t:   0 | ti:  10
		 PWM0:     0 | PWM1:     0 | PWM2:     0 | PWM3:     0 |
		 PWM0:     0 | PWM1:     0 | PWM2:     0 | PWM3:     0 |
		-->> "update" |
		<<-- "update" |
		t:   0 | ti:  11
		 PWM0:     0 | PWM1:     0 | PWM2:     0 | PWM3:     0 |
		 PWM0:     0 | PWM1:     0 | PWM2:     0 | PWM3:     0 |
		-->> "update" |
		<<-- "update" |
		t:   0 | ti:  12
		 PWM0:     0 | PWM1:     0 | PWM2:     0 | PWM3:     0 |
		 PWM0:     0 | PWM1:     0 | PWM2:     0 | PWM3:     0 |
		-->> "update" |
		<<-- "update" |
		t:   0 | ti:  13
		 PWM0:     0 | PWM1:     0 | PWM2:     0 | PWM3:     0 |
		 PWM0:     0 | PWM1:     0 | PWM2:     0 | PWM3:     0 |
		-->> "update" |
		<<-- "update" |
		t:   0 | ti:  14
		 PWM0:     0 | PWM1:     0 | PWM2:     0 | PWM3:     0 |
		 PWM0:     0 | PWM1:     0 | PWM2:     0 | PWM3:     0 |
		-->> "update" |
		<<-- "update" |
		t:   0 | ti:  15
		 PWM0:     0 | PWM1:     0 | PWM2:     0 | PWM3:     0 |
		 PWM0:     0 | PWM1:     0 | PWM2:     0 | PWM3:     0 |
		-->> "update" |
		<<-- "update" |
		t:   0 | ti:  16
		 PWM0:     0 | PWM1:     0 | PWM2:     0 | PWM3:     0 |
		 PWM0:     0 | PWM1:     0 | PWM2:     0 | PWM3:     0 |
		-->> "update" |
		<<-- "update" |
		t:   0 | ti:  17
		 PWM0:     0 | PWM1:     0 | PWM2:     0 | PWM3:     0 |
		 PWM0:     0 | PWM1:     0 | PWM2:     0 | PWM3:     0 |
		-->> "update" |
		<<-- "update" |
		t:   0 | ti:  18
		 PWM0:     0 | PWM1:     0 | PWM2:     0 | PWM3:     0 |
		 PWM0:     0 | PWM1:     0 | PWM2:     0 | PWM3:     0 |
		-->> "update" |
		<<-- "update" |
		t:   0 | ti:  19
		 PWM0:     0 | PWM1:     0 | PWM2:     0 | PWM3:     0 |
		 PWM0:     0 | PWM1:     0 | PWM2:     0 | PWM3:     0 |
		-->> "update" |
		<<-- "update" |
		t:   1 | ti:   0
		 PWM0:  -100 | PWM1:   100 | PWM2:     0 | PWM3:     0 |
		 PWM0:     0 | PWM1:     0 | PWM2:     0 | PWM3:     0 |
		-->> "update" |
		<<-- "update" |
		t:   1 | ti:   1
		 PWM0:  -100 | PWM1:   100 | PWM2:     0 | PWM3:     0 |
		 PWM0:   -10 | PWM1:    10 | PWM2:     0 | PWM3:     0 |
		-->> "update" |
		<<-- "update" |
		t:   1 | ti:   2
		 PWM0:  -100 | PWM1:   100 | PWM2:     0 | PWM3:     0 |
		 PWM0:   -20 | PWM1:    20 | PWM2:     0 | PWM3:     0 |
		-->> "update" |
		<<-- "update" |
		t:   1 | ti:   3
		 PWM0:  -100 | PWM1:   100 | PWM2:     0 | PWM3:     0 |
		 PWM0:   -30 | PWM1:    30 | PWM2:     0 | PWM3:     0 |
		-->> "update" |
		<<-- "update" |
		t:   1 | ti:   4
		 PWM0:  -100 | PWM1:   100 | PWM2:     0 | PWM3:     0 |
		 PWM0:   -40 | PWM1:    40 | PWM2:     0 | PWM3:     0 |
		-->> "update" |
		<<-- "update" |
		t:   1 | ti:   5
		 PWM0:  -100 | PWM1:   100 | PWM2:     0 | PWM3:     0 |
		 PWM0:   -50 | PWM1:    50 | PWM2:     0 | PWM3:     0 |
		-->> "update" |
		<<-- "update" |
		t:   1 | ti:   6
		 PWM0:  -100 | PWM1:   100 | PWM2:     0 | PWM3:     0 |
		 PWM0:   -60 | PWM1:    60 | PWM2:     0 | PWM3:     0 |
		-->> "update" |
		<<-- "update" |
		t:   1 | ti:   7
		 PWM0:  -100 | PWM1:   100 | PWM2:     0 | PWM3:     0 |
		 PWM0:   -70 | PWM1:    70 | PWM2:     0 | PWM3:     0 |
		-->> "update" |
		<<-- "update" |
		t:   1 | ti:   8
		 PWM0:  -100 | PWM1:   100 | PWM2:     0 | PWM3:     0 |
		 PWM0:   -80 | PWM1:    80 | PWM2:     0 | PWM3:     0 |
		-->> "update" |
		<<-- "update" |
		t:   1 | ti:   9
		 PWM0:  -100 | PWM1:   100 | PWM2:     0 | PWM3:     0 |
		 PWM0:   -90 | PWM1:    90 | PWM2:     0 | PWM3:     0 |
		-->> "update" |
		<<-- "update" |
		t:   1 | ti:  10
		 PWM0:  -100 | PWM1:   100 | PWM2:     0 | PWM3:     0 |
		 PWM0:  -100 | PWM1:   100 | PWM2:     0 | PWM3:     0 |
		-->> "update" |
		<<-- "update" |
		t:   1 | ti:  11
		 PWM0:  -100 | PWM1:   100 | PWM2:     0 | PWM3:     0 |
		 PWM0:  -100 | PWM1:   100 | PWM2:     0 | PWM3:     0 |
		-->> "update" |
		<<-- "update" |
		t:   1 | ti:  12
		 PWM0:  -100 | PWM1:   100 | PWM2:     0 | PWM3:     0 |
		 PWM0:  -100 | PWM1:   100 | PWM2:     0 | PWM3:     0 |
		-->> "update" |
		<<-- "update" |
		t:   1 | ti:  13
		 PWM0:  -100 | PWM1:   100 | PWM2:     0 | PWM3:     0 |
		 PWM0:  -100 | PWM1:   100 | PWM2:     0 | PWM3:     0 |
		-->> "update" |
		<<-- "update" |
		t:   1 | ti:  14
		 PWM0:  -100 | PWM1:   100 | PWM2:     0 | PWM3:     0 |
		 PWM0:  -100 | PWM1:   100 | PWM2:     0 | PWM3:     0 |
		-->> "update" |
		<<-- "update" |
		t:   1 | ti:  15
		 PWM0:  -100 | PWM1:   100 | PWM2:     0 | PWM3:     0 |
		 PWM0:  -100 | PWM1:   100 | PWM2:     0 | PWM3:     0 |
		-->> "update" |
		<<-- "update" |
		t:   1 | ti:  16
		 PWM0:  -100 | PWM1:   100 | PWM2:     0 | PWM3:     0 |
		 PWM0:  -100 | PWM1:   100 | PWM2:     0 | PWM3:     0 |
		-->> "update" |
		<<-- "update" |
		t:   1 | ti:  17
		 PWM0:  -100 | PWM1:   100 | PWM2:     0 | PWM3:     0 |
		 PWM0:  -100 | PWM1:   100 | PWM2:     0 | PWM3:     0 |
		-->> "update" |
		<<-- "update" |
		t:   1 | ti:  18
		 PWM0:  -100 | PWM1:   100 | PWM2:     0 | PWM3:     0 |
		 PWM0:  -100 | PWM1:   100 | PWM2:     0 | PWM3:     0 |
		-->> "update" |
		<<-- "update" |
		t:   1 | ti:  19
		 PWM0:  -100 | PWM1:   100 | PWM2:     0 | PWM3:     0 |
		 PWM0:  -100 | PWM1:   100 | PWM2:     0 | PWM3:     0 |
		-->> "update" |
		<<-- "update" |
		t:   2 | ti:   0
		 PWM0:   100 | PWM1:   100 | PWM2:     0 | PWM3:     0 |
		 PWM0:  -100 | PWM1:   100 | PWM2:     0 | PWM3:     0 |
		-->> "update" |
		<<-- "update" |
		t:   2 | ti:   1
		 PWM0:   100 | PWM1:   100 | PWM2:     0 | PWM3:     0 |
		 PWM0:   -90 | PWM1:   100 | PWM2:     0 | PWM3:     0 |
		-->> "update" |
		<<-- "update" |
		t:   2 | ti:   2
		 PWM0:   100 | PWM1:   100 | PWM2:     0 | PWM3:     0 |
		 PWM0:   -80 | PWM1:   100 | PWM2:     0 | PWM3:     0 |
		-->> "update" |
		<<-- "update" |
		t:   2 | ti:   3
		 PWM0:   100 | PWM1:   100 | PWM2:     0 | PWM3:     0 |
		 PWM0:   -70 | PWM1:   100 | PWM2:     0 | PWM3:     0 |
		-->> "update" |
		<<-- "update" |
		t:   2 | ti:   4
		 PWM0:   100 | PWM1:   100 | PWM2:     0 | PWM3:     0 |
		 PWM0:   -60 | PWM1:   100 | PWM2:     0 | PWM3:     0 |
		-->> "update" |
		<<-- "update" |
		t:   2 | ti:   5
		 PWM0:   100 | PWM1:   100 | PWM2:     0 | PWM3:     0 |
		 PWM0:   -50 | PWM1:   100 | PWM2:     0 | PWM3:     0 |
		-->> "update" |
		<<-- "update" |
		t:   2 | ti:   6
		 PWM0:   100 | PWM1:   100 | PWM2:     0 | PWM3:     0 |
		 PWM0:   -40 | PWM1:   100 | PWM2:     0 | PWM3:     0 |
		-->> "update" |
		<<-- "update" |
		t:   2 | ti:   7
		 PWM0:   100 | PWM1:   100 | PWM2:     0 | PWM3:     0 |
		 PWM0:   -30 | PWM1:   100 | PWM2:     0 | PWM3:     0 |
		-->> "update" |
		<<-- "update" |
		t:   2 | ti:   8
		 PWM0:   100 | PWM1:   100 | PWM2:     0 | PWM3:     0 |
		 PWM0:   -20 | PWM1:   100 | PWM2:     0 | PWM3:     0 |
		-->> "update" |
		<<-- "update" |
		t:   2 | ti:   9
		 PWM0:   100 | PWM1:   100 | PWM2:     0 | PWM3:     0 |
		 PWM0:   -10 | PWM1:   100 | PWM2:     0 | PWM3:     0 |
		-->> "update" |
		<<-- "update" |
		t:   2 | ti:  10
		 PWM0:   100 | PWM1:   100 | PWM2:     0 | PWM3:     0 |
		 PWM0:     0 | PWM1:   100 | PWM2:     0 | PWM3:     0 |
		-->> "update" |
		<<-- "update" |
		t:   2 | ti:  11
		 PWM0:   100 | PWM1:   100 | PWM2:     0 | PWM3:     0 |
		 PWM0:    10 | PWM1:   100 | PWM2:     0 | PWM3:     0 |
		-->> "update" |
		<<-- "update" |
		t:   2 | ti:  12
		 PWM0:   100 | PWM1:   100 | PWM2:     0 | PWM3:     0 |
		 PWM0:    20 | PWM1:   100 | PWM2:     0 | PWM3:     0 |
		-->> "update" |
		<<-- "update" |
		t:   2 | ti:  13
		 PWM0:   100 | PWM1:   100 | PWM2:     0 | PWM3:     0 |
		 PWM0:    30 | PWM1:   100 | PWM2:     0 | PWM3:     0 |
		-->> "update" |
		<<-- "update" |
		t:   2 | ti:  14
		 PWM0:   100 | PWM1:   100 | PWM2:     0 | PWM3:     0 |
		 PWM0:    40 | PWM1:   100 | PWM2:     0 | PWM3:     0 |
		-->> "update" |
		<<-- "update" |
		t:   2 | ti:  15
		 PWM0:   100 | PWM1:   100 | PWM2:     0 | PWM3:     0 |
		 PWM0:    50 | PWM1:   100 | PWM2:     0 | PWM3:     0 |
		-->> "update" |
		<<-- "update" |
		t:   2 | ti:  16
		 PWM0:   100 | PWM1:   100 | PWM2:     0 | PWM3:     0 |
		 PWM0:    60 | PWM1:   100 | PWM2:     0 | PWM3:     0 |
		-->> "update" |
		<<-- "update" |
		t:   2 | ti:  17
		 PWM0:   100 | PWM1:   100 | PWM2:     0 | PWM3:     0 |
		 PWM0:    70 | PWM1:   100 | PWM2:     0 | PWM3:     0 |
		-->> "update" |
		<<-- "update" |
		t:   2 | ti:  18
		 PWM0:   100 | PWM1:   100 | PWM2:     0 | PWM3:     0 |
		 PWM0:    80 | PWM1:   100 | PWM2:     0 | PWM3:     0 |
		-->> "update" |
		<<-- "update" |
		t:   2 | ti:  19
		 PWM0:   100 | PWM1:   100 | PWM2:     0 | PWM3:     0 |
		 PWM0:    90 | PWM1:   100 | PWM2:     0 | PWM3:     0 |
		-->> "update" |
		<<-- "update" |
		t:   3 | ti:   0
		 PWM0:    50 | PWM1:    50 | PWM2:     0 | PWM3:     0 |
		 PWM0:   100 | PWM1:   100 | PWM2:     0 | PWM3:     0 |
		-->> "update" |
		<<-- "update" |
		t:   3 | ti:   1
		 PWM0:    50 | PWM1:    50 | PWM2:     0 | PWM3:     0 |
		 PWM0:    90 | PWM1:    90 | PWM2:     0 | PWM3:     0 |
		-->> "update" |
		<<-- "update" |
		t:   3 | ti:   2
		 PWM0:    50 | PWM1:    50 | PWM2:     0 | PWM3:     0 |
		 PWM0:    80 | PWM1:    80 | PWM2:     0 | PWM3:     0 |
		-->> "update" |
		<<-- "update" |
		t:   3 | ti:   3
		 PWM0:    50 | PWM1:    50 | PWM2:     0 | PWM3:     0 |
		 PWM0:    70 | PWM1:    70 | PWM2:     0 | PWM3:     0 |
		-->> "update" |
		<<-- "update" |
		t:   3 | ti:   4
		 PWM0:    50 | PWM1:    50 | PWM2:     0 | PWM3:     0 |
		 PWM0:    60 | PWM1:    60 | PWM2:     0 | PWM3:     0 |
		-->> "update" |
		<<-- "update" |
		t:   3 | ti:   5
		 PWM0:    50 | PWM1:    50 | PWM2:     0 | PWM3:     0 |
		 PWM0:    50 | PWM1:    50 | PWM2:     0 | PWM3:     0 |
		-->> "update" |
		<<-- "update" |
		t:   3 | ti:   6
		 PWM0:    50 | PWM1:    50 | PWM2:     0 | PWM3:     0 |
		 PWM0:    50 | PWM1:    50 | PWM2:     0 | PWM3:     0 |
		-->> "update" |
		<<-- "update" |
		t:   3 | ti:   7
		 PWM0:    50 | PWM1:    50 | PWM2:     0 | PWM3:     0 |
		 PWM0:    50 | PWM1:    50 | PWM2:     0 | PWM3:     0 |
		-->> "update" |
		<<-- "update" |
		t:   3 | ti:   8
		 PWM0:    50 | PWM1:    50 | PWM2:     0 | PWM3:     0 |
		 PWM0:    50 | PWM1:    50 | PWM2:     0 | PWM3:     0 |
		-->> "update" |
		<<-- "update" |
		t:   3 | ti:   9
		 PWM0:    50 | PWM1:    50 | PWM2:     0 | PWM3:     0 |
		 PWM0:    50 | PWM1:    50 | PWM2:     0 | PWM3:     0 |
		-->> "update" |
		<<-- "update" |
		t:   3 | ti:  10
		 PWM0:    50 | PWM1:    50 | PWM2:     0 | PWM3:     0 |
		 PWM0:    50 | PWM1:    50 | PWM2:     0 | PWM3:     0 |
		-->> "update" |
		<<-- "update" |
		t:   3 | ti:  11
		 PWM0:    50 | PWM1:    50 | PWM2:     0 | PWM3:     0 |
		 PWM0:    50 | PWM1:    50 | PWM2:     0 | PWM3:     0 |
		-->> "update" |
		<<-- "update" |
		t:   3 | ti:  12
		 PWM0:    50 | PWM1:    50 | PWM2:     0 | PWM3:     0 |
		 PWM0:    50 | PWM1:    50 | PWM2:     0 | PWM3:     0 |
		-->> "update" |
		<<-- "update" |
		t:   3 | ti:  13
		 PWM0:    50 | PWM1:    50 | PWM2:     0 | PWM3:     0 |
		 PWM0:    50 | PWM1:    50 | PWM2:     0 | PWM3:     0 |
		-->> "update" |
		<<-- "update" |
		t:   3 | ti:  14
		 PWM0:    50 | PWM1:    50 | PWM2:     0 | PWM3:     0 |
		 PWM0:    50 | PWM1:    50 | PWM2:     0 | PWM3:     0 |
		-->> "update" |
		<<-- "update" |
		t:   3 | ti:  15
		 PWM0:    50 | PWM1:    50 | PWM2:     0 | PWM3:     0 |
		 PWM0:    50 | PWM1:    50 | PWM2:     0 | PWM3:     0 |
		-->> "update" |
		<<-- "update" |
		t:   3 | ti:  16
		 PWM0:    50 | PWM1:    50 | PWM2:     0 | PWM3:     0 |
		 PWM0:    50 | PWM1:    50 | PWM2:     0 | PWM3:     0 |
		-->> "update" |
		<<-- "update" |
		t:   3 | ti:  17
		 PWM0:    50 | PWM1:    50 | PWM2:     0 | PWM3:     0 |
		 PWM0:    50 | PWM1:    50 | PWM2:     0 | PWM3:     0 |
		-->> "update" |
		<<-- "update" |
		t:   3 | ti:  18
		 PWM0:    50 | PWM1:    50 | PWM2:     0 | PWM3:     0 |
		 PWM0:    50 | PWM1:    50 | PWM2:     0 | PWM3:     0 |
		-->> "update" |
		<<-- "update" |
		t:   3 | ti:  19
		 PWM0:    50 | PWM1:    50 | PWM2:     0 | PWM3:     0 |
		 PWM0:    50 | PWM1:    50 | PWM2:     0 | PWM3:     0 |
		-->> "update" |
		<<-- "update" |
		t:   4 | ti:   0
		 PWM0:   -10 | PWM1:   -10 | PWM2:     0 | PWM3:     0 |
		 PWM0:    50 | PWM1:    50 | PWM2:     0 | PWM3:     0 |
		-->> "update" |
		<<-- "update" |
		t:   4 | ti:   1
		 PWM0:   -10 | PWM1:   -10 | PWM2:     0 | PWM3:     0 |
		 PWM0:    40 | PWM1:    40 | PWM2:     0 | PWM3:     0 |
		-->> "update" |
		<<-- "update" |
		t:   4 | ti:   2
		 PWM0:   -10 | PWM1:   -10 | PWM2:     0 | PWM3:     0 |
		 PWM0:    30 | PWM1:    30 | PWM2:     0 | PWM3:     0 |
		-->> "update" |
		<<-- "update" |
		t:   4 | ti:   3
		 PWM0:   -10 | PWM1:   -10 | PWM2:     0 | PWM3:     0 |
		 PWM0:    20 | PWM1:    20 | PWM2:     0 | PWM3:     0 |
		-->> "update" |
		<<-- "update" |
		t:   4 | ti:   4
		 PWM0:   -10 | PWM1:   -10 | PWM2:     0 | PWM3:     0 |
		 PWM0:    10 | PWM1:    10 | PWM2:     0 | PWM3:     0 |
		-->> "update" |
		<<-- "update" |
		t:   4 | ti:   5
		 PWM0:   -10 | PWM1:   -10 | PWM2:     0 | PWM3:     0 |
		 PWM0:     0 | PWM1:     0 | PWM2:     0 | PWM3:     0 |
		-->> "update" |
		<<-- "update" |
		t:   4 | ti:   6
		 PWM0:   -10 | PWM1:   -10 | PWM2:     0 | PWM3:     0 |
		 PWM0:   -10 | PWM1:   -10 | PWM2:     0 | PWM3:     0 |
		-->> "update" |
		<<-- "update" |
		t:   4 | ti:   7
		 PWM0:   -10 | PWM1:   -10 | PWM2:     0 | PWM3:     0 |
		 PWM0:   -10 | PWM1:   -10 | PWM2:     0 | PWM3:     0 |
		-->> "update" |
		<<-- "update" |
		t:   4 | ti:   8
		 PWM0:   -10 | PWM1:   -10 | PWM2:     0 | PWM3:     0 |
		 PWM0:   -10 | PWM1:   -10 | PWM2:     0 | PWM3:     0 |
		-->> "update" |
		<<-- "update" |
		t:   4 | ti:   9
		 PWM0:   -10 | PWM1:   -10 | PWM2:     0 | PWM3:     0 |
		 PWM0:   -10 | PWM1:   -10 | PWM2:     0 | PWM3:     0 |
		-->> "update" |
		<<-- "update" |
		t:   4 | ti:  10
		 PWM0:   -10 | PWM1:   -10 | PWM2:     0 | PWM3:     0 |
		 PWM0:   -10 | PWM1:   -10 | PWM2:     0 | PWM3:     0 |
		-->> "update" |
		<<-- "update" |
		t:   4 | ti:  11
		 PWM0:   -10 | PWM1:   -10 | PWM2:     0 | PWM3:     0 |
		 PWM0:   -10 | PWM1:   -10 | PWM2:     0 | PWM3:     0 |
		-->> "update" |
		<<-- "update" |
		t:   4 | ti:  12
		 PWM0:   -10 | PWM1:   -10 | PWM2:     0 | PWM3:     0 |
		 PWM0:   -10 | PWM1:   -10 | PWM2:     0 | PWM3:     0 |
		-->> "update" |
		<<-- "update" |
		t:   4 | ti:  13
		 PWM0:   -10 | PWM1:   -10 | PWM2:     0 | PWM3:     0 |
		 PWM0:   -10 | PWM1:   -10 | PWM2:     0 | PWM3:     0 |
		-->> "update" |
		<<-- "update" |
		t:   4 | ti:  14
		 PWM0:   -10 | PWM1:   -10 | PWM2:     0 | PWM3:     0 |
		 PWM0:   -10 | PWM1:   -10 | PWM2:     0 | PWM3:     0 |
		-->> "update" |
		<<-- "update" |
		t:   4 | ti:  15
		 PWM0:   -10 | PWM1:   -10 | PWM2:     0 | PWM3:     0 |
		 PWM0:   -10 | PWM1:   -10 | PWM2:     0 | PWM3:     0 |
		-->> "update" |
		<<-- "update" |
		t:   4 | ti:  16
		 PWM0:   -10 | PWM1:   -10 | PWM2:     0 | PWM3:     0 |
		 PWM0:   -10 | PWM1:   -10 | PWM2:     0 | PWM3:     0 |
		-->> "update" |
		<<-- "update" |
		t:   4 | ti:  17
		 PWM0:   -10 | PWM1:   -10 | PWM2:     0 | PWM3:     0 |
		 PWM0:   -10 | PWM1:   -10 | PWM2:     0 | PWM3:     0 |
		-->> "update" |
		<<-- "update" |
		t:   4 | ti:  18
		 PWM0:   -10 | PWM1:   -10 | PWM2:     0 | PWM3:     0 |
		 PWM0:   -10 | PWM1:   -10 | PWM2:     0 | PWM3:     0 |
		-->> "update" |
		<<-- "update" |
		t:   4 | ti:  19
		 PWM0:   -10 | PWM1:   -10 | PWM2:     0 | PWM3:     0 |
		 PWM0:   -10 | PWM1:   -10 | PWM2:     0 | PWM3:     0 |
		-->> "update" |
		<<-- "update" |
	<<-- "test_bench" |
	-->> "~Ctrl_pwm" |
	<<-- "~Ctrl_pwm" |
<<-- "main" |

Debug has Ended!
